{"/Users/fleviankanaiza/Documents/cp2/cp2-document-management-system/app.js":{"path":"/Users/fleviankanaiza/Documents/cp2/cp2-document-management-system/app.js","s":{"1":1,"2":1,"3":1,"4":1,"5":1,"6":1,"7":1,"8":1,"9":1,"10":1,"11":1,"12":0,"13":1},"b":{},"f":{},"fnMap":{},"statementMap":{"1":{"start":{"line":1,"column":0},"end":{"line":1,"column":35}},"2":{"start":{"line":2,"column":0},"end":{"line":2,"column":33}},"3":{"start":{"line":3,"column":0},"end":{"line":3,"column":42}},"4":{"start":{"line":4,"column":0},"end":{"line":4,"column":29}},"5":{"start":{"line":8,"column":0},"end":{"line":8,"column":22}},"6":{"start":{"line":11,"column":0},"end":{"line":11,"column":23}},"7":{"start":{"line":12,"column":0},"end":{"line":12,"column":16}},"8":{"start":{"line":15,"column":0},"end":{"line":15,"column":27}},"9":{"start":{"line":16,"column":0},"end":{"line":16,"column":52}},"10":{"start":{"line":19,"column":0},"end":{"line":19,"column":38}},"11":{"start":{"line":22,"column":0},"end":{"line":24,"column":4}},"12":{"start":{"line":22,"column":27},"end":{"line":24,"column":2}},"13":{"start":{"line":27,"column":0},"end":{"line":27,"column":21}}},"branchMap":{}},"/Users/fleviankanaiza/Documents/cp2/cp2-document-management-system/server/routes/route.js":{"path":"/Users/fleviankanaiza/Documents/cp2/cp2-document-management-system/server/routes/route.js","s":{"1":1,"2":1,"3":1,"4":1,"5":1,"6":1,"7":1,"8":1,"9":1,"10":1,"11":1,"12":1,"13":1,"14":1,"15":1,"16":1,"17":1,"18":1,"19":1,"20":1,"21":1,"22":1,"23":1,"24":1,"25":1,"26":1,"27":1},"b":{},"f":{},"fnMap":{},"statementMap":{"1":{"start":{"line":1,"column":0},"end":{"line":1,"column":56}},"2":{"start":{"line":2,"column":0},"end":{"line":2,"column":56}},"3":{"start":{"line":3,"column":0},"end":{"line":3,"column":64}},"4":{"start":{"line":4,"column":0},"end":{"line":4,"column":72}},"5":{"start":{"line":6,"column":0},"end":{"line":6,"column":36}},"6":{"start":{"line":7,"column":0},"end":{"line":7,"column":51}},"7":{"start":{"line":9,"column":0},"end":{"line":36,"column":2}},"8":{"start":{"line":10,"column":2},"end":{"line":10,"column":62}},"9":{"start":{"line":11,"column":2},"end":{"line":11,"column":50}},"10":{"start":{"line":13,"column":2},"end":{"line":13,"column":95}},"11":{"start":{"line":14,"column":2},"end":{"line":14,"column":96}},"12":{"start":{"line":15,"column":2},"end":{"line":15,"column":107}},"13":{"start":{"line":16,"column":2},"end":{"line":16,"column":105}},"14":{"start":{"line":17,"column":2},"end":{"line":17,"column":109}},"15":{"start":{"line":18,"column":2},"end":{"line":18,"column":109}},"16":{"start":{"line":19,"column":2},"end":{"line":19,"column":104}},"17":{"start":{"line":20,"column":1},"end":{"line":20,"column":47}},"18":{"start":{"line":21,"column":2},"end":{"line":21,"column":86}},"19":{"start":{"line":23,"column":2},"end":{"line":23,"column":35}},"20":{"start":{"line":25,"column":2},"end":{"line":25,"column":48}},"21":{"start":{"line":26,"column":2},"end":{"line":26,"column":46}},"22":{"start":{"line":28,"column":2},"end":{"line":28,"column":52}},"23":{"start":{"line":29,"column":2},"end":{"line":29,"column":58}},"24":{"start":{"line":30,"column":2},"end":{"line":30,"column":56}},"25":{"start":{"line":31,"column":2},"end":{"line":31,"column":60}},"26":{"start":{"line":32,"column":2},"end":{"line":32,"column":60}},"27":{"start":{"line":34,"column":2},"end":{"line":34,"column":51}}},"branchMap":{}},"/Users/fleviankanaiza/Documents/cp2/cp2-document-management-system/server/controllers/index.js":{"path":"/Users/fleviankanaiza/Documents/cp2/cp2-document-management-system/server/controllers/index.js","s":{"1":1,"2":1,"3":1,"4":1,"5":1},"b":{},"f":{},"fnMap":{},"statementMap":{"1":{"start":{"line":1,"column":0},"end":{"line":1,"column":32}},"2":{"start":{"line":2,"column":0},"end":{"line":2,"column":32}},"3":{"start":{"line":3,"column":0},"end":{"line":3,"column":40}},"4":{"start":{"line":4,"column":0},"end":{"line":4,"column":48}},"5":{"start":{"line":6,"column":0},"end":{"line":11,"column":2}}},"branchMap":{}},"/Users/fleviankanaiza/Documents/cp2/cp2-document-management-system/server/controllers/role.js":{"path":"/Users/fleviankanaiza/Documents/cp2/cp2-document-management-system/server/controllers/role.js","s":{"1":1,"2":1,"3":1,"4":1,"5":0,"6":1,"7":0,"8":0,"9":0},"b":{},"f":{"1":1,"2":0},"fnMap":{"1":{"name":"(anonymous_1)","line":4,"loc":{"start":{"line":4,"column":8},"end":{"line":4,"column":19}}},"2":{"name":"(anonymous_2)","line":15,"loc":{"start":{"line":15,"column":6},"end":{"line":15,"column":17}}}},"statementMap":{"1":{"start":{"line":1,"column":0},"end":{"line":1,"column":39}},"2":{"start":{"line":3,"column":0},"end":{"line":21,"column":2}},"3":{"start":{"line":6,"column":8},"end":{"line":6,"column":24}},"4":{"start":{"line":7,"column":4},"end":{"line":12,"column":51}},"5":{"start":{"line":11,"column":20},"end":{"line":11,"column":46}},"6":{"start":{"line":12,"column":22},"end":{"line":12,"column":49}},"7":{"start":{"line":16,"column":4},"end":{"line":19,"column":51}},"8":{"start":{"line":18,"column":20},"end":{"line":18,"column":46}},"9":{"start":{"line":19,"column":22},"end":{"line":19,"column":49}}},"branchMap":{}},"/Users/fleviankanaiza/Documents/cp2/cp2-document-management-system/server/models/index.js":{"path":"/Users/fleviankanaiza/Documents/cp2/cp2-document-management-system/server/models/index.js","s":{"1":1,"2":1,"3":1,"4":1,"5":1,"6":1,"7":1,"8":1,"9":1,"10":0,"11":1,"12":1,"13":5,"14":3,"15":3,"16":1,"17":3,"18":3,"19":1,"20":1,"21":1},"b":{"1":[1,0],"2":[0,1],"3":[5,4,3],"4":[3,0]},"f":{},"fnMap":{},"statementMap":{"1":{"start":{"line":1,"column":0},"end":{"line":1,"column":25}},"2":{"start":{"line":2,"column":0},"end":{"line":2,"column":29}},"3":{"start":{"line":3,"column":0},"end":{"line":3,"column":39}},"4":{"start":{"line":4,"column":0},"end":{"line":4,"column":48}},"5":{"start":{"line":5,"column":0},"end":{"line":5,"column":50}},"6":{"start":{"line":6,"column":0},"end":{"line":6,"column":66}},"7":{"start":{"line":7,"column":0},"end":{"line":7,"column":14}},"8":{"start":{"line":9,"column":0},"end":{"line":9,"column":14}},"9":{"start":{"line":10,"column":0},"end":{"line":16,"column":1}},"10":{"start":{"line":11,"column":2},"end":{"line":11,"column":66}},"11":{"start":{"line":13,"column":2},"end":{"line":15,"column":4}},"12":{"start":{"line":18,"column":0},"end":{"line":27,"column":5}},"13":{"start":{"line":21,"column":4},"end":{"line":23,"column":30}},"14":{"start":{"line":25,"column":4},"end":{"line":25,"column":63}},"15":{"start":{"line":26,"column":4},"end":{"line":26,"column":27}},"16":{"start":{"line":29,"column":0},"end":{"line":33,"column":3}},"17":{"start":{"line":30,"column":2},"end":{"line":32,"column":3}},"18":{"start":{"line":31,"column":4},"end":{"line":31,"column":32}},"19":{"start":{"line":35,"column":0},"end":{"line":35,"column":25}},"20":{"start":{"line":36,"column":0},"end":{"line":36,"column":25}},"21":{"start":{"line":38,"column":0},"end":{"line":38,"column":20}}},"branchMap":{"1":{"line":5,"type":"binary-expr","locations":[{"start":{"line":5,"column":12},"end":{"line":5,"column":32}},{"start":{"line":5,"column":36},"end":{"line":5,"column":49}}]},"2":{"line":10,"type":"if","locations":[{"start":{"line":10,"column":0},"end":{"line":10,"column":0}},{"start":{"line":10,"column":0},"end":{"line":10,"column":0}}]},"3":{"line":21,"type":"binary-expr","locations":[{"start":{"line":21,"column":5},"end":{"line":21,"column":28}},{"start":{"line":22,"column":5},"end":{"line":22,"column":22}},{"start":{"line":23,"column":5},"end":{"line":23,"column":29}}]},"4":{"line":30,"type":"if","locations":[{"start":{"line":30,"column":2},"end":{"line":30,"column":2}},{"start":{"line":30,"column":2},"end":{"line":30,"column":2}}]}}},"/Users/fleviankanaiza/Documents/cp2/cp2-document-management-system/server/models/document.js":{"path":"/Users/fleviankanaiza/Documents/cp2/cp2-document-management-system/server/models/document.js","s":{"1":1,"2":1,"3":1,"4":1},"b":{},"f":{},"fnMap":{},"statementMap":{"1":{"start":{"line":2,"column":0},"end":{"line":30,"column":2}},"2":{"start":{"line":3,"column":2},"end":{"line":28,"column":7}},"3":{"start":{"line":22,"column":10},"end":{"line":25,"column":13}},"4":{"start":{"line":29,"column":2},"end":{"line":29,"column":18}}},"branchMap":{}},"/Users/fleviankanaiza/Documents/cp2/cp2-document-management-system/server/models/role.js":{"path":"/Users/fleviankanaiza/Documents/cp2/cp2-document-management-system/server/models/role.js","s":{"1":1,"2":1,"3":1,"4":1},"b":{},"f":{},"fnMap":{},"statementMap":{"1":{"start":{"line":2,"column":0},"end":{"line":22,"column":2}},"2":{"start":{"line":3,"column":2},"end":{"line":20,"column":7}},"3":{"start":{"line":14,"column":10},"end":{"line":17,"column":13}},"4":{"start":{"line":21,"column":2},"end":{"line":21,"column":14}}},"branchMap":{}},"/Users/fleviankanaiza/Documents/cp2/cp2-document-management-system/server/models/user.js":{"path":"/Users/fleviankanaiza/Documents/cp2/cp2-document-management-system/server/models/user.js","s":{"1":1,"2":1,"3":1,"4":1,"5":1},"b":{},"f":{},"fnMap":{},"statementMap":{"1":{"start":{"line":2,"column":0},"end":{"line":45,"column":2}},"2":{"start":{"line":3,"column":2},"end":{"line":43,"column":7}},"3":{"start":{"line":33,"column":10},"end":{"line":36,"column":13}},"4":{"start":{"line":37,"column":10},"end":{"line":40,"column":13}},"5":{"start":{"line":44,"column":2},"end":{"line":44,"column":14}}},"branchMap":{}},"/Users/fleviankanaiza/Documents/cp2/cp2-document-management-system/server/controllers/user.js":{"path":"/Users/fleviankanaiza/Documents/cp2/cp2-document-management-system/server/controllers/user.js","s":{"1":1,"2":1,"3":1,"4":1,"5":1,"6":0,"7":0,"8":0,"9":0,"10":0,"11":0,"12":0,"13":0,"14":0,"15":0,"16":0,"17":0,"18":0,"19":0,"20":0,"21":0,"22":0,"23":0,"24":0,"25":0,"26":0,"27":0,"28":0,"29":0,"30":0,"31":0,"32":0,"33":0,"34":0,"35":0,"36":0,"37":0,"38":0,"39":0,"40":0,"41":0,"42":0},"b":{"1":[0,0],"2":[0,0],"3":[0,0],"4":[0,0],"5":[0,0],"6":[0,0],"7":[0,0],"8":[0,0]},"f":{"1":0,"2":0,"3":0,"4":0,"5":0,"6":0},"fnMap":{"1":{"name":"(anonymous_1)","line":9,"loc":{"start":{"line":9,"column":8},"end":{"line":9,"column":19}}},"2":{"name":"(anonymous_2)","line":28,"loc":{"start":{"line":28,"column":11},"end":{"line":28,"column":22}}},"3":{"name":"(anonymous_3)","line":50,"loc":{"start":{"line":50,"column":10},"end":{"line":50,"column":21}}},"4":{"name":"(anonymous_4)","line":63,"loc":{"start":{"line":63,"column":8},"end":{"line":63,"column":19}}},"5":{"name":"(anonymous_5)","line":79,"loc":{"start":{"line":79,"column":9},"end":{"line":79,"column":20}}},"6":{"name":"(anonymous_6)","line":95,"loc":{"start":{"line":95,"column":12},"end":{"line":95,"column":23}}}},"statementMap":{"1":{"start":{"line":1,"column":0},"end":{"line":1,"column":39}},"2":{"start":{"line":2,"column":0},"end":{"line":2,"column":47}},"3":{"start":{"line":3,"column":0},"end":{"line":3,"column":49}},"4":{"start":{"line":6,"column":0},"end":{"line":6,"column":15}},"5":{"start":{"line":8,"column":0},"end":{"line":112,"column":2}},"6":{"start":{"line":10,"column":4},"end":{"line":14,"column":5}},"7":{"start":{"line":11,"column":6},"end":{"line":13,"column":9}},"8":{"start":{"line":15,"column":4},"end":{"line":25,"column":51}},"9":{"start":{"line":24,"column":20},"end":{"line":24,"column":46}},"10":{"start":{"line":25,"column":22},"end":{"line":25,"column":49}},"11":{"start":{"line":29,"column":4},"end":{"line":44,"column":5}},"12":{"start":{"line":30,"column":6},"end":{"line":43,"column":53}},"13":{"start":{"line":36,"column":10},"end":{"line":40,"column":11}},"14":{"start":{"line":37,"column":12},"end":{"line":39,"column":15}},"15":{"start":{"line":41,"column":10},"end":{"line":41,"column":44}},"16":{"start":{"line":43,"column":24},"end":{"line":43,"column":51}},"17":{"start":{"line":45,"column":4},"end":{"line":48,"column":51}},"18":{"start":{"line":47,"column":21},"end":{"line":47,"column":48}},"19":{"start":{"line":48,"column":22},"end":{"line":48,"column":49}},"20":{"start":{"line":51,"column":4},"end":{"line":61,"column":51}},"21":{"start":{"line":54,"column":8},"end":{"line":58,"column":9}},"22":{"start":{"line":55,"column":10},"end":{"line":57,"column":13}},"23":{"start":{"line":59,"column":8},"end":{"line":59,"column":42}},"24":{"start":{"line":61,"column":22},"end":{"line":61,"column":49}},"25":{"start":{"line":64,"column":4},"end":{"line":77,"column":53}},"26":{"start":{"line":67,"column":8},"end":{"line":71,"column":9}},"27":{"start":{"line":68,"column":10},"end":{"line":70,"column":13}},"28":{"start":{"line":72,"column":8},"end":{"line":75,"column":57}},"29":{"start":{"line":74,"column":22},"end":{"line":74,"column":48}},"30":{"start":{"line":75,"column":28},"end":{"line":75,"column":55}},"31":{"start":{"line":77,"column":24},"end":{"line":77,"column":51}},"32":{"start":{"line":80,"column":4},"end":{"line":93,"column":51}},"33":{"start":{"line":83,"column":8},"end":{"line":87,"column":9}},"34":{"start":{"line":84,"column":10},"end":{"line":86,"column":13}},"35":{"start":{"line":88,"column":8},"end":{"line":91,"column":55}},"36":{"start":{"line":90,"column":22},"end":{"line":90,"column":44}},"37":{"start":{"line":91,"column":26},"end":{"line":91,"column":53}},"38":{"start":{"line":93,"column":22},"end":{"line":93,"column":49}},"39":{"start":{"line":96,"column":4},"end":{"line":110,"column":5}},"40":{"start":{"line":97,"column":6},"end":{"line":109,"column":53}},"41":{"start":{"line":108,"column":26},"end":{"line":108,"column":56}},"42":{"start":{"line":109,"column":24},"end":{"line":109,"column":51}}},"branchMap":{"1":{"line":10,"type":"if","locations":[{"start":{"line":10,"column":4},"end":{"line":10,"column":4}},{"start":{"line":10,"column":4},"end":{"line":10,"column":4}}]},"2":{"line":29,"type":"if","locations":[{"start":{"line":29,"column":4},"end":{"line":29,"column":4}},{"start":{"line":29,"column":4},"end":{"line":29,"column":4}}]},"3":{"line":29,"type":"binary-expr","locations":[{"start":{"line":29,"column":8},"end":{"line":29,"column":23}},{"start":{"line":29,"column":27},"end":{"line":29,"column":43}}]},"4":{"line":36,"type":"if","locations":[{"start":{"line":36,"column":10},"end":{"line":36,"column":10}},{"start":{"line":36,"column":10},"end":{"line":36,"column":10}}]},"5":{"line":54,"type":"if","locations":[{"start":{"line":54,"column":8},"end":{"line":54,"column":8}},{"start":{"line":54,"column":8},"end":{"line":54,"column":8}}]},"6":{"line":67,"type":"if","locations":[{"start":{"line":67,"column":8},"end":{"line":67,"column":8}},{"start":{"line":67,"column":8},"end":{"line":67,"column":8}}]},"7":{"line":83,"type":"if","locations":[{"start":{"line":83,"column":8},"end":{"line":83,"column":8}},{"start":{"line":83,"column":8},"end":{"line":83,"column":8}}]},"8":{"line":96,"type":"if","locations":[{"start":{"line":96,"column":4},"end":{"line":96,"column":4}},{"start":{"line":96,"column":4},"end":{"line":96,"column":4}}]}}},"/Users/fleviankanaiza/Documents/cp2/cp2-document-management-system/server/controllers/inputValidate.js":{"path":"/Users/fleviankanaiza/Documents/cp2/cp2-document-management-system/server/controllers/inputValidate.js","s":{"1":0,"2":0,"3":0,"4":0,"5":0,"6":0,"7":1},"b":{"1":[0,0],"2":[0,0],"3":[0,0]},"f":{"1":0},"fnMap":{"1":{"name":"(anonymous_1)","line":9,"loc":{"start":{"line":9,"column":15},"end":{"line":9,"column":22}}}},"statementMap":{"1":{"start":{"line":10,"column":4},"end":{"line":10,"column":16}},"2":{"start":{"line":11,"column":4},"end":{"line":15,"column":7}},"3":{"start":{"line":12,"column":6},"end":{"line":14,"column":7}},"4":{"start":{"line":13,"column":8},"end":{"line":13,"column":23}},"5":{"start":{"line":16,"column":4},"end":{"line":18,"column":5}},"6":{"start":{"line":17,"column":6},"end":{"line":17,"column":21}},"7":{"start":{"line":22,"column":0},"end":{"line":22,"column":37}}},"branchMap":{"1":{"line":12,"type":"if","locations":[{"start":{"line":12,"column":6},"end":{"line":12,"column":6}},{"start":{"line":12,"column":6},"end":{"line":12,"column":6}}]},"2":{"line":12,"type":"binary-expr","locations":[{"start":{"line":12,"column":10},"end":{"line":12,"column":26}},{"start":{"line":12,"column":30},"end":{"line":12,"column":48}}]},"3":{"line":16,"type":"if","locations":[{"start":{"line":16,"column":4},"end":{"line":16,"column":4}},{"start":{"line":16,"column":4},"end":{"line":16,"column":4}}]}}},"/Users/fleviankanaiza/Documents/cp2/cp2-document-management-system/server/controllers/document.js":{"path":"/Users/fleviankanaiza/Documents/cp2/cp2-document-management-system/server/controllers/document.js","s":{"1":1,"2":1,"3":1,"4":0,"5":0,"6":0,"7":0,"8":0,"9":0,"10":0,"11":0,"12":0,"13":0,"14":0,"15":0,"16":0,"17":0,"18":0,"19":0,"20":0,"21":0,"22":0,"23":0,"24":0,"25":0,"26":0,"27":0,"28":0,"29":0,"30":0,"31":0,"32":0,"33":0,"34":0,"35":0,"36":0,"37":0,"38":0,"39":0,"40":0,"41":0,"42":0,"43":0,"44":0,"45":0,"46":0,"47":0,"48":0,"49":0,"50":0,"51":0,"52":0,"53":0,"54":0,"55":0,"56":0,"57":0,"58":0,"59":0,"60":0,"61":0,"62":0,"63":0,"64":0,"65":0,"66":0,"67":0,"68":0,"69":0,"70":0,"71":0,"72":0,"73":0,"74":0,"75":0,"76":0,"77":0,"78":0,"79":0,"80":0,"81":0,"82":0,"83":0},"b":{"1":[0,0],"2":[0,0],"3":[0,0],"4":[0,0],"5":[0,0],"6":[0,0],"7":[0,0],"8":[0,0],"9":[0,0],"10":[0,0],"11":[0,0],"12":[0,0],"13":[0,0],"14":[0,0],"15":[0,0],"16":[0,0],"17":[0,0],"18":[0,0],"19":[0,0],"20":[0,0],"21":[0,0],"22":[0,0],"23":[0,0],"24":[0,0],"25":[0,0],"26":[0,0],"27":[0,0],"28":[0,0]},"f":{"1":0,"2":0,"3":0,"4":0,"5":0,"6":0,"7":0},"fnMap":{"1":{"name":"(anonymous_1)","line":5,"loc":{"start":{"line":5,"column":8},"end":{"line":5,"column":19}}},"2":{"name":"(anonymous_2)","line":22,"loc":{"start":{"line":22,"column":10},"end":{"line":22,"column":21}}},"3":{"name":"(anonymous_3)","line":89,"loc":{"start":{"line":89,"column":10},"end":{"line":89,"column":21}}},"4":{"name":"(anonymous_4)","line":124,"loc":{"start":{"line":124,"column":8},"end":{"line":124,"column":19}}},"5":{"name":"(anonymous_5)","line":150,"loc":{"start":{"line":150,"column":9},"end":{"line":150,"column":20}}},"6":{"name":"(anonymous_6)","line":172,"loc":{"start":{"line":172,"column":11},"end":{"line":172,"column":22}}},"7":{"name":"(anonymous_7)","line":202,"loc":{"start":{"line":202,"column":10},"end":{"line":202,"column":21}}}},"statementMap":{"1":{"start":{"line":1,"column":0},"end":{"line":1,"column":47}},"2":{"start":{"line":2,"column":0},"end":{"line":2,"column":49}},"3":{"start":{"line":4,"column":0},"end":{"line":242,"column":2}},"4":{"start":{"line":6,"column":4},"end":{"line":10,"column":5}},"5":{"start":{"line":7,"column":6},"end":{"line":9,"column":9}},"6":{"start":{"line":11,"column":4},"end":{"line":19,"column":51}},"7":{"start":{"line":18,"column":24},"end":{"line":18,"column":54}},"8":{"start":{"line":19,"column":22},"end":{"line":19,"column":49}},"9":{"start":{"line":23,"column":4},"end":{"line":87,"column":5}},"10":{"start":{"line":24,"column":6},"end":{"line":39,"column":7}},"11":{"start":{"line":25,"column":8},"end":{"line":38,"column":55}},"12":{"start":{"line":31,"column":12},"end":{"line":35,"column":13}},"13":{"start":{"line":32,"column":14},"end":{"line":34,"column":17}},"14":{"start":{"line":36,"column":12},"end":{"line":36,"column":50}},"15":{"start":{"line":38,"column":26},"end":{"line":38,"column":53}},"16":{"start":{"line":40,"column":6},"end":{"line":51,"column":53}},"17":{"start":{"line":44,"column":10},"end":{"line":48,"column":11}},"18":{"start":{"line":45,"column":12},"end":{"line":47,"column":15}},"19":{"start":{"line":49,"column":10},"end":{"line":49,"column":48}},"20":{"start":{"line":51,"column":24},"end":{"line":51,"column":51}},"21":{"start":{"line":52,"column":11},"end":{"line":87,"column":5}},"22":{"start":{"line":53,"column":6},"end":{"line":71,"column":7}},"23":{"start":{"line":54,"column":8},"end":{"line":70,"column":55}},"24":{"start":{"line":63,"column":12},"end":{"line":67,"column":13}},"25":{"start":{"line":64,"column":14},"end":{"line":66,"column":17}},"26":{"start":{"line":68,"column":12},"end":{"line":68,"column":50}},"27":{"start":{"line":70,"column":26},"end":{"line":70,"column":53}},"28":{"start":{"line":72,"column":6},"end":{"line":86,"column":53}},"29":{"start":{"line":79,"column":10},"end":{"line":83,"column":11}},"30":{"start":{"line":80,"column":12},"end":{"line":82,"column":15}},"31":{"start":{"line":84,"column":10},"end":{"line":84,"column":48}},"32":{"start":{"line":86,"column":24},"end":{"line":86,"column":51}},"33":{"start":{"line":90,"column":4},"end":{"line":120,"column":5}},"34":{"start":{"line":91,"column":6},"end":{"line":101,"column":53}},"35":{"start":{"line":94,"column":10},"end":{"line":98,"column":11}},"36":{"start":{"line":95,"column":12},"end":{"line":97,"column":15}},"37":{"start":{"line":99,"column":10},"end":{"line":99,"column":48}},"38":{"start":{"line":101,"column":24},"end":{"line":101,"column":51}},"39":{"start":{"line":102,"column":11},"end":{"line":120,"column":5}},"40":{"start":{"line":103,"column":6},"end":{"line":103,"column":38}},"41":{"start":{"line":104,"column":6},"end":{"line":119,"column":53}},"42":{"start":{"line":112,"column":10},"end":{"line":116,"column":11}},"43":{"start":{"line":113,"column":12},"end":{"line":115,"column":15}},"44":{"start":{"line":117,"column":10},"end":{"line":117,"column":48}},"45":{"start":{"line":119,"column":24},"end":{"line":119,"column":51}},"46":{"start":{"line":125,"column":4},"end":{"line":125,"column":28}},"47":{"start":{"line":126,"column":4},"end":{"line":148,"column":53}},"48":{"start":{"line":134,"column":8},"end":{"line":138,"column":9}},"49":{"start":{"line":135,"column":10},"end":{"line":137,"column":13}},"50":{"start":{"line":139,"column":8},"end":{"line":146,"column":57}},"51":{"start":{"line":145,"column":22},"end":{"line":145,"column":52}},"52":{"start":{"line":146,"column":28},"end":{"line":146,"column":55}},"53":{"start":{"line":148,"column":24},"end":{"line":148,"column":51}},"54":{"start":{"line":151,"column":4},"end":{"line":151,"column":38}},"55":{"start":{"line":152,"column":4},"end":{"line":170,"column":51}},"56":{"start":{"line":160,"column":8},"end":{"line":164,"column":9}},"57":{"start":{"line":161,"column":10},"end":{"line":163,"column":13}},"58":{"start":{"line":165,"column":8},"end":{"line":168,"column":55}},"59":{"start":{"line":167,"column":22},"end":{"line":167,"column":44}},"60":{"start":{"line":168,"column":26},"end":{"line":168,"column":53}},"61":{"start":{"line":170,"column":22},"end":{"line":170,"column":49}},"62":{"start":{"line":173,"column":4},"end":{"line":200,"column":5}},"63":{"start":{"line":174,"column":6},"end":{"line":185,"column":7}},"64":{"start":{"line":175,"column":8},"end":{"line":184,"column":55}},"65":{"start":{"line":183,"column":28},"end":{"line":183,"column":58}},"66":{"start":{"line":184,"column":26},"end":{"line":184,"column":53}},"67":{"start":{"line":186,"column":11},"end":{"line":200,"column":5}},"68":{"start":{"line":187,"column":6},"end":{"line":199,"column":7}},"69":{"start":{"line":188,"column":8},"end":{"line":198,"column":55}},"70":{"start":{"line":197,"column":28},"end":{"line":197,"column":58}},"71":{"start":{"line":198,"column":26},"end":{"line":198,"column":53}},"72":{"start":{"line":203,"column":4},"end":{"line":240,"column":5}},"73":{"start":{"line":204,"column":6},"end":{"line":220,"column":11}},"74":{"start":{"line":211,"column":10},"end":{"line":215,"column":11}},"75":{"start":{"line":212,"column":12},"end":{"line":214,"column":15}},"76":{"start":{"line":216,"column":10},"end":{"line":216,"column":48}},"77":{"start":{"line":219,"column":10},"end":{"line":219,"column":37}},"78":{"start":{"line":221,"column":11},"end":{"line":240,"column":5}},"79":{"start":{"line":222,"column":6},"end":{"line":239,"column":11}},"80":{"start":{"line":230,"column":10},"end":{"line":234,"column":11}},"81":{"start":{"line":231,"column":12},"end":{"line":233,"column":15}},"82":{"start":{"line":235,"column":10},"end":{"line":235,"column":48}},"83":{"start":{"line":238,"column":10},"end":{"line":238,"column":37}}},"branchMap":{"1":{"line":6,"type":"if","locations":[{"start":{"line":6,"column":4},"end":{"line":6,"column":4}},{"start":{"line":6,"column":4},"end":{"line":6,"column":4}}]},"2":{"line":23,"type":"if","locations":[{"start":{"line":23,"column":4},"end":{"line":23,"column":4}},{"start":{"line":23,"column":4},"end":{"line":23,"column":4}}]},"3":{"line":24,"type":"if","locations":[{"start":{"line":24,"column":6},"end":{"line":24,"column":6}},{"start":{"line":24,"column":6},"end":{"line":24,"column":6}}]},"4":{"line":24,"type":"binary-expr","locations":[{"start":{"line":24,"column":10},"end":{"line":24,"column":25}},{"start":{"line":24,"column":29},"end":{"line":24,"column":45}}]},"5":{"line":31,"type":"if","locations":[{"start":{"line":31,"column":12},"end":{"line":31,"column":12}},{"start":{"line":31,"column":12},"end":{"line":31,"column":12}}]},"6":{"line":44,"type":"if","locations":[{"start":{"line":44,"column":10},"end":{"line":44,"column":10}},{"start":{"line":44,"column":10},"end":{"line":44,"column":10}}]},"7":{"line":52,"type":"if","locations":[{"start":{"line":52,"column":11},"end":{"line":52,"column":11}},{"start":{"line":52,"column":11},"end":{"line":52,"column":11}}]},"8":{"line":53,"type":"if","locations":[{"start":{"line":53,"column":6},"end":{"line":53,"column":6}},{"start":{"line":53,"column":6},"end":{"line":53,"column":6}}]},"9":{"line":53,"type":"binary-expr","locations":[{"start":{"line":53,"column":10},"end":{"line":53,"column":25}},{"start":{"line":53,"column":29},"end":{"line":53,"column":45}}]},"10":{"line":63,"type":"if","locations":[{"start":{"line":63,"column":12},"end":{"line":63,"column":12}},{"start":{"line":63,"column":12},"end":{"line":63,"column":12}}]},"11":{"line":79,"type":"if","locations":[{"start":{"line":79,"column":10},"end":{"line":79,"column":10}},{"start":{"line":79,"column":10},"end":{"line":79,"column":10}}]},"12":{"line":90,"type":"if","locations":[{"start":{"line":90,"column":4},"end":{"line":90,"column":4}},{"start":{"line":90,"column":4},"end":{"line":90,"column":4}}]},"13":{"line":94,"type":"if","locations":[{"start":{"line":94,"column":10},"end":{"line":94,"column":10}},{"start":{"line":94,"column":10},"end":{"line":94,"column":10}}]},"14":{"line":102,"type":"if","locations":[{"start":{"line":102,"column":11},"end":{"line":102,"column":11}},{"start":{"line":102,"column":11},"end":{"line":102,"column":11}}]},"15":{"line":112,"type":"if","locations":[{"start":{"line":112,"column":10},"end":{"line":112,"column":10}},{"start":{"line":112,"column":10},"end":{"line":112,"column":10}}]},"16":{"line":134,"type":"if","locations":[{"start":{"line":134,"column":8},"end":{"line":134,"column":8}},{"start":{"line":134,"column":8},"end":{"line":134,"column":8}}]},"17":{"line":141,"type":"binary-expr","locations":[{"start":{"line":141,"column":19},"end":{"line":141,"column":33}},{"start":{"line":141,"column":37},"end":{"line":141,"column":51}}]},"18":{"line":142,"type":"binary-expr","locations":[{"start":{"line":142,"column":21},"end":{"line":142,"column":37}},{"start":{"line":142,"column":41},"end":{"line":142,"column":57}}]},"19":{"line":143,"type":"binary-expr","locations":[{"start":{"line":143,"column":20},"end":{"line":143,"column":35}},{"start":{"line":143,"column":39},"end":{"line":143,"column":54}}]},"20":{"line":160,"type":"if","locations":[{"start":{"line":160,"column":8},"end":{"line":160,"column":8}},{"start":{"line":160,"column":8},"end":{"line":160,"column":8}}]},"21":{"line":173,"type":"if","locations":[{"start":{"line":173,"column":4},"end":{"line":173,"column":4}},{"start":{"line":173,"column":4},"end":{"line":173,"column":4}}]},"22":{"line":174,"type":"if","locations":[{"start":{"line":174,"column":6},"end":{"line":174,"column":6}},{"start":{"line":174,"column":6},"end":{"line":174,"column":6}}]},"23":{"line":186,"type":"if","locations":[{"start":{"line":186,"column":11},"end":{"line":186,"column":11}},{"start":{"line":186,"column":11},"end":{"line":186,"column":11}}]},"24":{"line":187,"type":"if","locations":[{"start":{"line":187,"column":6},"end":{"line":187,"column":6}},{"start":{"line":187,"column":6},"end":{"line":187,"column":6}}]},"25":{"line":203,"type":"if","locations":[{"start":{"line":203,"column":4},"end":{"line":203,"column":4}},{"start":{"line":203,"column":4},"end":{"line":203,"column":4}}]},"26":{"line":211,"type":"if","locations":[{"start":{"line":211,"column":10},"end":{"line":211,"column":10}},{"start":{"line":211,"column":10},"end":{"line":211,"column":10}}]},"27":{"line":221,"type":"if","locations":[{"start":{"line":221,"column":11},"end":{"line":221,"column":11}},{"start":{"line":221,"column":11},"end":{"line":221,"column":11}}]},"28":{"line":230,"type":"if","locations":[{"start":{"line":230,"column":10},"end":{"line":230,"column":10}},{"start":{"line":230,"column":10},"end":{"line":230,"column":10}}]}}},"/Users/fleviankanaiza/Documents/cp2/cp2-document-management-system/server/controllers/authenticate.js":{"path":"/Users/fleviankanaiza/Documents/cp2/cp2-document-management-system/server/controllers/authenticate.js","s":{"1":1,"2":1,"3":1,"4":1,"5":1,"6":1,"7":0,"8":0,"9":0,"10":0,"11":0,"12":0,"13":0,"14":0,"15":0,"16":0,"17":0,"18":0,"19":0,"20":0,"21":0,"22":0,"23":0,"24":0,"25":0,"26":0,"27":0,"28":0},"b":{"1":[0,0],"2":[0,0],"3":[0,0],"4":[0,0,0],"5":[0,0],"6":[0,0],"7":[0,0]},"f":{"1":0,"2":0,"3":0,"4":0},"fnMap":{"1":{"name":"(anonymous_1)","line":9,"loc":{"start":{"line":9,"column":7},"end":{"line":9,"column":18}}},"2":{"name":"(anonymous_2)","line":60,"loc":{"start":{"line":60,"column":13},"end":{"line":60,"column":30}}},"3":{"name":"(anonymous_3)","line":92,"loc":{"start":{"line":92,"column":15},"end":{"line":92,"column":32}}},"4":{"name":"(anonymous_4)","line":99,"loc":{"start":{"line":99,"column":17},"end":{"line":99,"column":39}}}},"statementMap":{"1":{"start":{"line":1,"column":0},"end":{"line":1,"column":39}},"2":{"start":{"line":2,"column":0},"end":{"line":2,"column":39}},"3":{"start":{"line":3,"column":0},"end":{"line":3,"column":36}},"4":{"start":{"line":4,"column":0},"end":{"line":4,"column":33}},"5":{"start":{"line":5,"column":0},"end":{"line":5,"column":110}},"6":{"start":{"line":8,"column":0},"end":{"line":109,"column":1}},"7":{"start":{"line":11,"column":4},"end":{"line":57,"column":9}},"8":{"start":{"line":18,"column":8},"end":{"line":53,"column":9}},"9":{"start":{"line":19,"column":10},"end":{"line":22,"column":13}},"10":{"start":{"line":23,"column":15},"end":{"line":53,"column":9}},"11":{"start":{"line":26,"column":10},"end":{"line":51,"column":11}},"12":{"start":{"line":27,"column":12},"end":{"line":30,"column":15}},"13":{"start":{"line":35,"column":12},"end":{"line":42,"column":15}},"14":{"start":{"line":45,"column":12},"end":{"line":50,"column":15}},"15":{"start":{"line":56,"column":8},"end":{"line":56,"column":26}},"16":{"start":{"line":63,"column":4},"end":{"line":63,"column":85}},"17":{"start":{"line":66,"column":4},"end":{"line":90,"column":5}},"18":{"start":{"line":69,"column":6},"end":{"line":79,"column":9}},"19":{"start":{"line":70,"column":8},"end":{"line":78,"column":9}},"20":{"start":{"line":71,"column":10},"end":{"line":73,"column":56}},"21":{"start":{"line":76,"column":10},"end":{"line":76,"column":32}},"22":{"start":{"line":77,"column":10},"end":{"line":77,"column":17}},"23":{"start":{"line":85,"column":6},"end":{"line":88,"column":9}},"24":{"start":{"line":93,"column":4},"end":{"line":93,"column":18}},"25":{"start":{"line":94,"column":4},"end":{"line":94,"column":44}},"26":{"start":{"line":96,"column":4},"end":{"line":96,"column":11}},"27":{"start":{"line":103,"column":4},"end":{"line":103,"column":34}},"28":{"start":{"line":104,"column":4},"end":{"line":106,"column":7}}},"branchMap":{"1":{"line":18,"type":"if","locations":[{"start":{"line":18,"column":8},"end":{"line":18,"column":8}},{"start":{"line":18,"column":8},"end":{"line":18,"column":8}}]},"2":{"line":23,"type":"if","locations":[{"start":{"line":23,"column":15},"end":{"line":23,"column":15}},{"start":{"line":23,"column":15},"end":{"line":23,"column":15}}]},"3":{"line":26,"type":"if","locations":[{"start":{"line":26,"column":10},"end":{"line":26,"column":10}},{"start":{"line":26,"column":10},"end":{"line":26,"column":10}}]},"4":{"line":63,"type":"binary-expr","locations":[{"start":{"line":63,"column":18},"end":{"line":63,"column":32}},{"start":{"line":63,"column":36},"end":{"line":63,"column":51}},{"start":{"line":63,"column":55},"end":{"line":63,"column":84}}]},"5":{"line":66,"type":"if","locations":[{"start":{"line":66,"column":4},"end":{"line":66,"column":4}},{"start":{"line":66,"column":4},"end":{"line":66,"column":4}}]},"6":{"line":70,"type":"if","locations":[{"start":{"line":70,"column":8},"end":{"line":70,"column":8}},{"start":{"line":70,"column":8},"end":{"line":70,"column":8}}]},"7":{"line":103,"type":"binary-expr","locations":[{"start":{"line":103,"column":15},"end":{"line":103,"column":25}},{"start":{"line":103,"column":29},"end":{"line":103,"column":32}}]}}}}