{"/Users/fleviankanaiza/Documents/cp2/cp2-document-management-system/app.js":{"path":"/Users/fleviankanaiza/Documents/cp2/cp2-document-management-system/app.js","s":{"1":1,"2":1,"3":1,"4":1,"5":1,"6":1,"7":1,"8":1,"9":19,"10":1},"b":{},"f":{},"fnMap":{},"statementMap":{"1":{"start":{"line":1,"column":0},"end":{"line":1,"column":35}},"2":{"start":{"line":2,"column":0},"end":{"line":2,"column":33}},"3":{"start":{"line":3,"column":0},"end":{"line":3,"column":42}},"4":{"start":{"line":6,"column":0},"end":{"line":6,"column":22}},"5":{"start":{"line":9,"column":0},"end":{"line":9,"column":23}},"6":{"start":{"line":12,"column":0},"end":{"line":12,"column":27}},"7":{"start":{"line":13,"column":0},"end":{"line":13,"column":52}},"8":{"start":{"line":16,"column":0},"end":{"line":18,"column":4}},"9":{"start":{"line":16,"column":27},"end":{"line":18,"column":2}},"10":{"start":{"line":20,"column":0},"end":{"line":20,"column":21}}},"branchMap":{}}}