TN:
SF:/Users/fleviankanaiza/Documents/cp2/cp2-document-management-system/app.js
FNF:0
FNH:0
DA:1,1
DA:2,1
DA:3,1
DA:6,1
DA:9,1
DA:11,1
DA:12,1
DA:15,1
DA:18,1
DA:22,1
LF:10
LH:10
BRF:0
BRH:0
end_of_record
TN:
SF:/Users/fleviankanaiza/Documents/cp2/cp2-document-management-system/server/routes/route.js
FNF:0
FNH:0
DA:1,1
DA:2,1
DA:3,1
DA:4,1
DA:6,1
DA:8,1
DA:10,1
DA:12,1
DA:13,1
DA:14,1
DA:15,1
DA:16,1
DA:17,1
DA:19,1
DA:20,1
DA:21,1
DA:22,1
DA:23,1
DA:24,1
DA:25,1
LF:20
LH:20
BRF:0
BRH:0
end_of_record
TN:
SF:/Users/fleviankanaiza/Documents/cp2/cp2-document-management-system/server/controllers/index.js
FNF:0
FNH:0
DA:1,1
DA:2,1
DA:3,1
DA:4,1
DA:6,1
LF:5
LH:5
BRF:0
BRH:0
end_of_record
TN:
SF:/Users/fleviankanaiza/Documents/cp2/cp2-document-management-system/server/controllers/role.js
FN:4,(anonymous_1)
FNF:1
FNH:1
FNDA:2,(anonymous_1)
DA:1,1
DA:3,1
DA:5,2
DA:9,2
DA:10,0
LF:5
LH:4
BRF:0
BRH:0
end_of_record
TN:
SF:/Users/fleviankanaiza/Documents/cp2/cp2-document-management-system/server/models/index.js
FNF:0
FNH:0
DA:1,1
DA:2,1
DA:3,1
DA:4,1
DA:5,1
DA:6,1
DA:7,1
DA:9,1
DA:10,1
DA:11,0
DA:13,1
DA:18,1
DA:21,4
DA:25,3
DA:26,3
DA:29,1
DA:30,3
DA:31,3
DA:35,1
DA:36,1
DA:38,1
LF:21
LH:20
BRDA:5,1,0,1
BRDA:5,1,1,0
BRDA:10,2,0,0
BRDA:10,2,1,1
BRDA:21,3,0,4
BRDA:21,3,1,4
BRDA:21,3,2,3
BRDA:30,4,0,3
BRDA:30,4,1,0
BRF:9
BRH:6
end_of_record
TN:
SF:/Users/fleviankanaiza/Documents/cp2/cp2-document-management-system/server/models/document.js
FNF:0
FNH:0
DA:2,1
DA:3,1
DA:22,1
DA:29,1
LF:4
LH:4
BRF:0
BRH:0
end_of_record
TN:
SF:/Users/fleviankanaiza/Documents/cp2/cp2-document-management-system/server/models/role.js
FNF:0
FNH:0
DA:2,1
DA:3,1
DA:12,1
DA:19,1
LF:4
LH:4
BRF:0
BRH:0
end_of_record
TN:
SF:/Users/fleviankanaiza/Documents/cp2/cp2-document-management-system/server/models/user.js
FNF:0
FNH:0
DA:2,1
DA:3,1
DA:33,1
DA:37,1
DA:44,1
LF:5
LH:5
BRF:0
BRH:0
end_of_record
TN:
SF:/Users/fleviankanaiza/Documents/cp2/cp2-document-management-system/server/controllers/user.js
FN:6,(anonymous_1)
FN:25,(anonymous_2)
FN:47,(anonymous_3)
FN:60,(anonymous_4)
FN:83,(anonymous_5)
FN:99,(anonymous_6)
FNF:6
FNH:6
FNDA:2,(anonymous_1)
FNDA:4,(anonymous_2)
FNDA:2,(anonymous_3)
FNDA:2,(anonymous_4)
FNDA:3,(anonymous_5)
FNDA:3,(anonymous_6)
DA:1,1
DA:2,1
DA:3,1
DA:5,1
DA:7,2
DA:8,0
DA:12,2
DA:21,0
DA:22,2
DA:26,4
DA:27,2
DA:33,2
DA:34,0
DA:38,2
DA:40,0
DA:42,2
DA:44,2
DA:45,0
DA:48,2
DA:51,2
DA:52,2
DA:56,0
DA:58,0
DA:61,2
DA:64,2
DA:65,1
DA:69,1
DA:78,1
DA:79,0
DA:81,0
DA:84,3
DA:87,3
DA:88,3
DA:92,0
DA:94,0
DA:95,0
DA:97,0
DA:100,3
DA:101,3
DA:112,3
DA:113,0
LF:41
LH:27
BRDA:7,1,0,0
BRDA:7,1,1,2
BRDA:26,2,0,2
BRDA:26,2,1,2
BRDA:26,3,0,4
BRDA:26,3,1,2
BRDA:33,4,0,0
BRDA:33,4,1,2
BRDA:51,5,0,2
BRDA:51,5,1,0
BRDA:64,6,0,1
BRDA:64,6,1,1
BRDA:71,7,0,1
BRDA:71,7,1,0
BRDA:72,8,0,1
BRDA:72,8,1,0
BRDA:73,9,0,1
BRDA:73,9,1,0
BRDA:74,10,0,1
BRDA:74,10,1,0
BRDA:75,11,0,1
BRDA:75,11,1,0
BRDA:76,12,0,1
BRDA:76,12,1,0
BRDA:87,13,0,3
BRDA:87,13,1,0
BRDA:100,14,0,3
BRDA:100,14,1,0
BRF:28
BRH:17
end_of_record
TN:
SF:/Users/fleviankanaiza/Documents/cp2/cp2-document-management-system/server/controllers/inputValidate.js
FN:9,(anonymous_1)
FNF:1
FNH:1
FNDA:5,(anonymous_1)
DA:10,5
DA:11,5
DA:12,34
DA:13,0
DA:16,5
DA:17,0
DA:22,1
LF:7
LH:5
BRDA:12,1,0,0
BRDA:12,1,1,34
BRDA:12,2,0,34
BRDA:12,2,1,34
BRDA:16,3,0,0
BRDA:16,3,1,5
BRF:6
BRH:4
end_of_record
TN:
SF:/Users/fleviankanaiza/Documents/cp2/cp2-document-management-system/server/controllers/document.js
FN:5,(anonymous_1)
FN:22,(anonymous_2)
FN:44,(anonymous_3)
FN:57,(anonymous_4)
FN:78,(anonymous_5)
FN:94,(anonymous_6)
FN:108,(anonymous_7)
FNF:7
FNH:6
FNDA:3,(anonymous_1)
FNDA:4,(anonymous_2)
FNDA:3,(anonymous_3)
FNDA:2,(anonymous_4)
FNDA:1,(anonymous_5)
FNDA:3,(anonymous_6)
FNDA:0,(anonymous_7)
DA:1,1
DA:2,1
DA:4,1
DA:6,3
DA:7,0
DA:11,3
DA:18,3
DA:19,0
DA:23,4
DA:24,2
DA:30,2
DA:31,0
DA:35,2
DA:37,0
DA:39,2
DA:41,2
DA:42,0
DA:45,3
DA:48,3
DA:49,3
DA:53,0
DA:55,0
DA:58,2
DA:61,2
DA:62,1
DA:66,1
DA:73,1
DA:74,0
DA:76,0
DA:79,1
DA:82,1
DA:83,1
DA:87,0
DA:89,0
DA:90,0
DA:92,0
DA:95,3
DA:96,3
DA:104,3
DA:105,0
DA:109,0
DA:116,0
DA:117,0
DA:121,0
DA:124,0
LF:45
LH:26
BRDA:6,1,0,0
BRDA:6,1,1,3
BRDA:23,2,0,2
BRDA:23,2,1,2
BRDA:23,3,0,4
BRDA:23,3,1,2
BRDA:30,4,0,0
BRDA:30,4,1,2
BRDA:48,5,0,3
BRDA:48,5,1,0
BRDA:61,6,0,1
BRDA:61,6,1,1
BRDA:68,7,0,1
BRDA:68,7,1,0
BRDA:69,8,0,1
BRDA:69,8,1,0
BRDA:70,9,0,1
BRDA:70,9,1,0
BRDA:71,10,0,1
BRDA:71,10,1,1
BRDA:82,11,0,1
BRDA:82,11,1,0
BRDA:95,12,0,3
BRDA:95,12,1,0
BRDA:116,13,0,0
BRDA:116,13,1,0
BRF:26
BRH:16
end_of_record
TN:
SF:/Users/fleviankanaiza/Documents/cp2/cp2-document-management-system/server/controllers/authenticate.js
FN:6,(anonymous_1)
FN:45,(anonymous_2)
FNF:2
FNH:1
FNDA:1,(anonymous_1)
FNDA:0,(anonymous_2)
DA:1,1
DA:2,1
DA:3,1
DA:5,1
DA:8,1
DA:15,1
DA:16,1
DA:17,0
DA:20,0
DA:21,0
DA:26,0
DA:31,0
DA:41,0
DA:48,0
DA:51,0
DA:54,0
DA:55,0
DA:56,0
DA:59,0
DA:60,0
DA:68,0
LF:21
LH:7
BRDA:15,1,0,1
BRDA:15,1,1,0
BRDA:17,2,0,0
BRDA:17,2,1,0
BRDA:20,3,0,0
BRDA:20,3,1,0
BRDA:48,4,0,0
BRDA:48,4,1,0
BRDA:48,4,2,0
BRDA:51,5,0,0
BRDA:51,5,1,0
BRDA:55,6,0,0
BRDA:55,6,1,0
BRF:13
BRH:1
end_of_record
