TN:
SF:/Users/fleviankanaiza/Documents/cp2/cp2-document-management-system/app.js
FNF:0
FNH:0
DA:1,1
DA:2,1
DA:3,1
DA:4,1
DA:8,1
DA:11,1
DA:12,1
DA:15,1
DA:16,1
DA:19,1
DA:22,1
DA:27,1
LF:12
LH:12
BRF:0
BRH:0
end_of_record
TN:
SF:/Users/fleviankanaiza/Documents/cp2/cp2-document-management-system/server/routes/route.js
FNF:0
FNH:0
DA:1,1
DA:2,1
DA:3,1
DA:4,1
DA:6,1
DA:7,1
DA:9,1
DA:10,1
DA:11,1
DA:13,1
DA:14,1
DA:15,1
DA:16,1
DA:17,1
DA:18,1
DA:19,1
DA:20,1
DA:21,1
DA:23,1
DA:25,1
DA:26,1
DA:28,1
DA:29,1
DA:30,1
DA:31,1
DA:32,1
DA:34,1
LF:27
LH:27
BRF:0
BRH:0
end_of_record
TN:
SF:/Users/fleviankanaiza/Documents/cp2/cp2-document-management-system/server/controllers/index.js
FNF:0
FNH:0
DA:1,1
DA:2,1
DA:3,1
DA:4,1
DA:6,1
LF:5
LH:5
BRF:0
BRH:0
end_of_record
TN:
SF:/Users/fleviankanaiza/Documents/cp2/cp2-document-management-system/server/controllers/role.js
FN:4,(anonymous_1)
FN:15,(anonymous_2)
FNF:2
FNH:1
FNDA:1,(anonymous_1)
FNDA:0,(anonymous_2)
DA:1,1
DA:3,1
DA:6,1
DA:7,1
DA:11,0
DA:12,1
DA:16,0
DA:18,0
DA:19,0
LF:9
LH:5
BRF:0
BRH:0
end_of_record
TN:
SF:/Users/fleviankanaiza/Documents/cp2/cp2-document-management-system/server/models/index.js
FNF:0
FNH:0
DA:1,1
DA:2,1
DA:3,1
DA:4,1
DA:5,1
DA:6,1
DA:7,1
DA:9,1
DA:10,1
DA:11,0
DA:13,1
DA:18,1
DA:21,5
DA:25,3
DA:26,3
DA:29,1
DA:30,3
DA:31,3
DA:35,1
DA:36,1
DA:38,1
LF:21
LH:20
BRDA:5,1,0,1
BRDA:5,1,1,0
BRDA:10,2,0,0
BRDA:10,2,1,1
BRDA:21,3,0,5
BRDA:21,3,1,4
BRDA:21,3,2,3
BRDA:30,4,0,3
BRDA:30,4,1,0
BRF:9
BRH:6
end_of_record
TN:
SF:/Users/fleviankanaiza/Documents/cp2/cp2-document-management-system/server/models/document.js
FNF:0
FNH:0
DA:2,1
DA:3,1
DA:22,1
DA:29,1
LF:4
LH:4
BRF:0
BRH:0
end_of_record
TN:
SF:/Users/fleviankanaiza/Documents/cp2/cp2-document-management-system/server/models/role.js
FNF:0
FNH:0
DA:2,1
DA:3,1
DA:14,1
DA:21,1
LF:4
LH:4
BRF:0
BRH:0
end_of_record
TN:
SF:/Users/fleviankanaiza/Documents/cp2/cp2-document-management-system/server/models/user.js
FNF:0
FNH:0
DA:2,1
DA:3,1
DA:33,1
DA:37,1
DA:44,1
LF:5
LH:5
BRF:0
BRH:0
end_of_record
TN:
SF:/Users/fleviankanaiza/Documents/cp2/cp2-document-management-system/server/controllers/user.js
FN:9,(anonymous_1)
FN:28,(anonymous_2)
FN:50,(anonymous_3)
FN:63,(anonymous_4)
FN:79,(anonymous_5)
FN:95,(anonymous_6)
FNF:6
FNH:0
FNDA:0,(anonymous_1)
FNDA:0,(anonymous_2)
FNDA:0,(anonymous_3)
FNDA:0,(anonymous_4)
FNDA:0,(anonymous_5)
FNDA:0,(anonymous_6)
DA:1,1
DA:2,1
DA:3,1
DA:6,1
DA:8,1
DA:10,0
DA:11,0
DA:15,0
DA:24,0
DA:25,0
DA:29,0
DA:30,0
DA:36,0
DA:37,0
DA:41,0
DA:43,0
DA:45,0
DA:47,0
DA:48,0
DA:51,0
DA:54,0
DA:55,0
DA:59,0
DA:61,0
DA:64,0
DA:67,0
DA:68,0
DA:72,0
DA:74,0
DA:75,0
DA:77,0
DA:80,0
DA:83,0
DA:84,0
DA:88,0
DA:90,0
DA:91,0
DA:93,0
DA:96,0
DA:97,0
DA:108,0
DA:109,0
LF:42
LH:5
BRDA:10,1,0,0
BRDA:10,1,1,0
BRDA:29,2,0,0
BRDA:29,2,1,0
BRDA:29,3,0,0
BRDA:29,3,1,0
BRDA:36,4,0,0
BRDA:36,4,1,0
BRDA:54,5,0,0
BRDA:54,5,1,0
BRDA:67,6,0,0
BRDA:67,6,1,0
BRDA:83,7,0,0
BRDA:83,7,1,0
BRDA:96,8,0,0
BRDA:96,8,1,0
BRF:16
BRH:0
end_of_record
TN:
SF:/Users/fleviankanaiza/Documents/cp2/cp2-document-management-system/server/controllers/inputValidate.js
FN:9,(anonymous_1)
FNF:1
FNH:0
FNDA:0,(anonymous_1)
DA:10,0
DA:11,0
DA:12,0
DA:13,0
DA:16,0
DA:17,0
DA:22,1
LF:7
LH:1
BRDA:12,1,0,0
BRDA:12,1,1,0
BRDA:12,2,0,0
BRDA:12,2,1,0
BRDA:16,3,0,0
BRDA:16,3,1,0
BRF:6
BRH:0
end_of_record
TN:
SF:/Users/fleviankanaiza/Documents/cp2/cp2-document-management-system/server/controllers/document.js
FN:5,(anonymous_1)
FN:22,(anonymous_2)
FN:89,(anonymous_3)
FN:124,(anonymous_4)
FN:150,(anonymous_5)
FN:172,(anonymous_6)
FN:202,(anonymous_7)
FNF:7
FNH:0
FNDA:0,(anonymous_1)
FNDA:0,(anonymous_2)
FNDA:0,(anonymous_3)
FNDA:0,(anonymous_4)
FNDA:0,(anonymous_5)
FNDA:0,(anonymous_6)
FNDA:0,(anonymous_7)
DA:1,1
DA:2,1
DA:4,1
DA:6,0
DA:7,0
DA:11,0
DA:18,0
DA:19,0
DA:23,0
DA:24,0
DA:25,0
DA:31,0
DA:32,0
DA:36,0
DA:38,0
DA:40,0
DA:44,0
DA:45,0
DA:49,0
DA:51,0
DA:52,0
DA:53,0
DA:54,0
DA:63,0
DA:64,0
DA:68,0
DA:70,0
DA:72,0
DA:79,0
DA:80,0
DA:84,0
DA:86,0
DA:90,0
DA:91,0
DA:94,0
DA:95,0
DA:99,0
DA:101,0
DA:102,0
DA:103,0
DA:104,0
DA:112,0
DA:113,0
DA:117,0
DA:119,0
DA:125,0
DA:126,0
DA:134,0
DA:135,0
DA:139,0
DA:145,0
DA:146,0
DA:148,0
DA:151,0
DA:152,0
DA:160,0
DA:161,0
DA:165,0
DA:167,0
DA:168,0
DA:170,0
DA:173,0
DA:174,0
DA:175,0
DA:183,0
DA:184,0
DA:186,0
DA:187,0
DA:188,0
DA:197,0
DA:198,0
DA:203,0
DA:204,0
DA:211,0
DA:212,0
DA:216,0
DA:219,0
DA:221,0
DA:222,0
DA:230,0
DA:231,0
DA:235,0
DA:238,0
LF:83
LH:3
BRDA:6,1,0,0
BRDA:6,1,1,0
BRDA:23,2,0,0
BRDA:23,2,1,0
BRDA:24,3,0,0
BRDA:24,3,1,0
BRDA:24,4,0,0
BRDA:24,4,1,0
BRDA:31,5,0,0
BRDA:31,5,1,0
BRDA:44,6,0,0
BRDA:44,6,1,0
BRDA:52,7,0,0
BRDA:52,7,1,0
BRDA:53,8,0,0
BRDA:53,8,1,0
BRDA:53,9,0,0
BRDA:53,9,1,0
BRDA:63,10,0,0
BRDA:63,10,1,0
BRDA:79,11,0,0
BRDA:79,11,1,0
BRDA:90,12,0,0
BRDA:90,12,1,0
BRDA:94,13,0,0
BRDA:94,13,1,0
BRDA:102,14,0,0
BRDA:102,14,1,0
BRDA:112,15,0,0
BRDA:112,15,1,0
BRDA:134,16,0,0
BRDA:134,16,1,0
BRDA:141,17,0,0
BRDA:141,17,1,0
BRDA:142,18,0,0
BRDA:142,18,1,0
BRDA:143,19,0,0
BRDA:143,19,1,0
BRDA:160,20,0,0
BRDA:160,20,1,0
BRDA:173,21,0,0
BRDA:173,21,1,0
BRDA:174,22,0,0
BRDA:174,22,1,0
BRDA:186,23,0,0
BRDA:186,23,1,0
BRDA:187,24,0,0
BRDA:187,24,1,0
BRDA:203,25,0,0
BRDA:203,25,1,0
BRDA:211,26,0,0
BRDA:211,26,1,0
BRDA:221,27,0,0
BRDA:221,27,1,0
BRDA:230,28,0,0
BRDA:230,28,1,0
BRF:56
BRH:0
end_of_record
TN:
SF:/Users/fleviankanaiza/Documents/cp2/cp2-document-management-system/server/controllers/authenticate.js
FN:9,(anonymous_1)
FN:60,(anonymous_2)
FN:92,(anonymous_3)
FN:99,(anonymous_4)
FNF:4
FNH:0
FNDA:0,(anonymous_1)
FNDA:0,(anonymous_2)
FNDA:0,(anonymous_3)
FNDA:0,(anonymous_4)
DA:1,1
DA:2,1
DA:3,1
DA:4,1
DA:5,1
DA:8,1
DA:11,0
DA:18,0
DA:19,0
DA:23,0
DA:26,0
DA:27,0
DA:35,0
DA:45,0
DA:56,0
DA:63,0
DA:66,0
DA:69,0
DA:70,0
DA:71,0
DA:76,0
DA:77,0
DA:85,0
DA:93,0
DA:94,0
DA:96,0
DA:103,0
DA:104,0
LF:28
LH:6
BRDA:18,1,0,0
BRDA:18,1,1,0
BRDA:23,2,0,0
BRDA:23,2,1,0
BRDA:26,3,0,0
BRDA:26,3,1,0
BRDA:63,4,0,0
BRDA:63,4,1,0
BRDA:63,4,2,0
BRDA:66,5,0,0
BRDA:66,5,1,0
BRDA:70,6,0,0
BRDA:70,6,1,0
BRDA:103,7,0,0
BRDA:103,7,1,0
BRF:15
BRH:0
end_of_record
